<?xml version="1.0" encoding="UTF-8"?>
<!-- Generated by org.testng.reporters.JUnitXMLReporter -->
<testsuite ignored="0" hostname="Vij" failures="1" tests="1" name="Chrome Test" time="24.185" errors="0" timestamp="2025-07-08T16:40:23 IST">
  <testcase classname="com.DevopsAssignment.AmazonTest" name="amazonFooterTest" time="22.942">
    <failure type="org.openqa.selenium.WebDriverException" message="unknown error: session deleted because of page crash
from unknown error: cannot determine loading status
from tab crashed
  (Session info: chrome=125.0.6422.76)
Build info: version: &amp;apos;4.34.0&amp;apos;, revision: &amp;apos;2a4c61c498&amp;apos;
System info: os.name: &amp;apos;Windows 11&amp;apos;, os.arch: &amp;apos;amd64&amp;apos;, os.version: &amp;apos;10.0&amp;apos;, java.version: &amp;apos;21.0.7&amp;apos;
Driver info: org.openqa.selenium.remote.RemoteWebDriver
Command: [aaeed10e3f96e59a0ef31385b36ef9d2, get {url=https://www.amazon.in}]
Capabilities {acceptInsecureCerts: false, browserName: chrome, browserVersion: 125.0.6422.76, chrome: {chromedriverVersion: 125.0.6422.76 (67dcf7562b8f..., userDataDir: /tmp/.org.chromium.Chromium...}, fedcm:accounts: true, goog:chromeOptions: {debuggerAddress: localhost:33685}, networkConnectionEnabled: false, pageLoadStrategy: normal, platformName: linux, proxy: Proxy(), se:bidiEnabled: false, se:cdp: ws://172.18.0.4:4444/sessio..., se:cdpVersion: 125.0.6422.76, se:vnc: ws://172.18.0.4:4444/sessio..., se:vncEnabled: true, se:vncLocalAddress: ws://172.18.0.4:7900, setWindowRect: true, strictFileInteractability: false, timeouts: {implicit: 0, pageLoad: 300000, script: 30000}, unhandledPromptBehavior: dismiss and notify, webauthn:extension:credBlob: true, webauthn:extension:largeBlob: true, webauthn:extension:minPinLength: true, webauthn:extension:prf: true, webauthn:virtualAuthenticators: true}
Session ID: aaeed10e3f96e59a0ef31385b36ef9d2">
      <![CDATA[org.openqa.selenium.WebDriverException: unknown error: session deleted because of page crash
from unknown error: cannot determine loading status
from tab crashed
  (Session info: chrome=125.0.6422.76)
Build info: version: '4.34.0', revision: '2a4c61c498'
System info: os.name: 'Windows 11', os.arch: 'amd64', os.version: '10.0', java.version: '21.0.7'
Driver info: org.openqa.selenium.remote.RemoteWebDriver
Command: [aaeed10e3f96e59a0ef31385b36ef9d2, get {url=https://www.amazon.in}]
Capabilities {acceptInsecureCerts: false, browserName: chrome, browserVersion: 125.0.6422.76, chrome: {chromedriverVersion: 125.0.6422.76 (67dcf7562b8f..., userDataDir: /tmp/.org.chromium.Chromium...}, fedcm:accounts: true, goog:chromeOptions: {debuggerAddress: localhost:33685}, networkConnectionEnabled: false, pageLoadStrategy: normal, platformName: linux, proxy: Proxy(), se:bidiEnabled: false, se:cdp: ws://172.18.0.4:4444/sessio..., se:cdpVersion: 125.0.6422.76, se:vnc: ws://172.18.0.4:4444/sessio..., se:vncEnabled: true, se:vncLocalAddress: ws://172.18.0.4:7900, setWindowRect: true, strictFileInteractability: false, timeouts: {implicit: 0, pageLoad: 300000, script: 30000}, unhandledPromptBehavior: dismiss and notify, webauthn:extension:credBlob: true, webauthn:extension:largeBlob: true, webauthn:extension:minPinLength: true, webauthn:extension:prf: true, webauthn:virtualAuthenticators: true}
Session ID: aaeed10e3f96e59a0ef31385b36ef9d2
at org.openqa.selenium.remote.ErrorCodec.decode(ErrorCodec.java:167)
at org.openqa.selenium.remote.codec.w3c.W3CHttpResponseCodec.decode(W3CHttpResponseCodec.java:138)
at org.openqa.selenium.remote.codec.w3c.W3CHttpResponseCodec.decode(W3CHttpResponseCodec.java:50)
at org.openqa.selenium.remote.HttpCommandExecutor.execute(HttpCommandExecutor.java:215)
at org.openqa.selenium.remote.TracedCommandExecutor.execute(TracedCommandExecutor.java:53)
at org.openqa.selenium.remote.RemoteWebDriver.execute(RemoteWebDriver.java:544)
at org.openqa.selenium.remote.RemoteWebDriver.get(RemoteWebDriver.java:312)
at com.DevopsAssignment.AmazonTest.amazonFooterTest(AmazonTest.java:12)
at java.base/java.util.ArrayList.forEach(ArrayList.java:1596)
at java.base/java.util.concurrent.FutureTask.run(FutureTask.java:317)
at java.base/java.util.concurrent.ThreadPoolExecutor.runWorker(ThreadPoolExecutor.java:1144)
at java.base/java.util.concurrent.ThreadPoolExecutor$Worker.run(ThreadPoolExecutor.java:642)
at java.base/java.lang.Thread.run(Thread.java:1583)
... Removed 18 stack frames]]>
    </failure>
  </testcase> <!-- amazonFooterTest -->
</testsuite> <!-- Chrome Test -->
