<?xml version="1.0" encoding="UTF-8"?>
<testsuite xmlns:xsi="http://www.w3.org/2001/XMLSchema-instance" xsi:noNamespaceSchemaLocation="https://maven.apache.org/surefire/maven-surefire-plugin/xsd/surefire-test-report-3.0.xsd" version="3.0" name="TestSuite" time="28.071" tests="3" errors="0" skipped="0" failures="1">
  <properties>
[...]
</properties>
  <testcase name="testAmazonFooterLinks" classname="com.DevopsAssignment.AmazonTest" time="2.259">
    <system-out><![CDATA[Starting setup for browser: firefox
Starting setup for browser: chrome
Starting setup for browser: edge
✅ Browser launched: chrome
✅ Browser launched: edge
✅ Browser launched: firefox
===============================
Thread ID: 33
Browser: chrome
Title: Online Shopping site in India: Shop Online for Mobiles, Books, Watches, Shoes and More - Amazon.in
👉 Back to top | About Amazon | Careers | Press Releases | Amazon Science | Facebook | Twitter | Instagram | Sell on Amazon | Sell under Amazon Accelerator | Protect and Build Your Brand | Amazon Global Selling | Supply to Amazon | Become an Affiliate | Fulfilment by Amazon | Advertise Your Products | Amazon Pay on Merchants | Your Account | Returns Centre | Recalls and Product Safety Alerts | 100% Purchase Protection | Amazon App Download | Help | English | India | AbeBooks
Books, art
& collectibles | Amazon Web Services
Scalable Cloud
Computing Services | Audible
Download
Audio Books | IMDb
Movies, TV
& Celebrities | Shopbop
Designer
Fashion Brands | Amazon Business
Everything For
Your Business | Prime Now
2-Hour Delivery
on Everyday Items | Amazon Prime Music
100 million songs, ad-free
Over 15 million podcast episodes | Conditions of Use & Sale | Privacy Notice | Interest-Based Ads
===============================

]]></system-out>
    <system-err><![CDATA[SLF4J: Failed to load class "org.slf4j.impl.StaticLoggerBinder".
SLF4J: Defaulting to no-operation (NOP) logger implementation
SLF4J: See http://www.slf4j.org/codes.html#StaticLoggerBinder for further details.
Jul 09, 2025 12:23:55 AM org.openqa.selenium.remote.tracing.opentelemetry.OpenTelemetryTracer createTracer
INFO: Using OpenTelemetry for tracing
]]></system-err>
  </testcase>
  <testcase name="testAmazonFooterLinks" classname="com.DevopsAssignment.AmazonTest" time="3.529">
    <system-out><![CDATA[🚫 Browser closed
===============================
Thread ID: 34
Browser: firefox
Title: Online Shopping site in India: Shop Online for Mobiles, Books, Watches, Shoes and More - Amazon.in
👉 Back to top | About Amazon | Careers | Press Releases | Amazon Science | Facebook | Twitter | Instagram | Sell on Amazon | Sell under Amazon Accelerator | Protect and Build Your Brand | Amazon Global Selling | Supply to Amazon | Become an Affiliate | Fulfilment by Amazon | Advertise Your Products | Amazon Pay on Merchants | Your Account | Returns Centre | Recalls and Product Safety Alerts | 100% Purchase Protection | Amazon App Download | Help | English | India | AbeBooks
Books, art
& collectibles | Amazon Web Services
Scalable Cloud
Computing Services | Audible
Download
Audio Books | IMDb
Movies, TV
& Celebrities | Shopbop
Designer
Fashion Brands | Amazon Business
Everything For
Your Business | Prime Now
2-Hour Delivery
on Everyday Items | Amazon Prime Music
100 million songs, ad-free
Over 15 million podcast episodes | Conditions of Use & Sale | Privacy Notice | Interest-Based Ads
===============================

]]></system-out>
  </testcase>
  <testcase name="testAmazonFooterLinks" classname="com.DevopsAssignment.AmazonTest" time="23.216">
    <failure message="unknown error: session deleted because of page crash&#10;from unknown error: cannot determine loading status&#10;from tab crashed&#10;  (Session info: MicrosoftEdge=125.0.2535.51)&#10;Build info: version: &apos;4.33.0&apos;, revision: &apos;2c6aaad03a&apos;&#10;System info: os.name: &apos;Windows 11&apos;, os.arch: &apos;amd64&apos;, os.version: &apos;10.0&apos;, java.version: &apos;21.0.7&apos;&#10;Driver info: org.openqa.selenium.remote.RemoteWebDriver&#10;Command: [b69c1fdacccd4996064629e89085367f, get {url=https://www.amazon.in/}]&#10;Capabilities {acceptInsecureCerts: false, browserName: MicrosoftEdge, browserVersion: 125.0.2535.51, fedcm:accounts: true, ms:edgeOptions: {debuggerAddress: localhost:34641}, msedge: {msedgedriverVersion: 125.0.2535.51 (b1bc6e892654..., userDataDir: /tmp/.com.microsoft.Edge.yG...}, networkConnectionEnabled: false, pageLoadStrategy: normal, platformName: linux, proxy: Proxy(), se:bidiEnabled: false, se:cdp: ws://172.18.0.3:4444/sessio..., se:cdpVersion: 125.0.2535.51, se:vnc: ws://172.18.0.3:4444/sessio..., se:vncEnabled: true, se:vncLocalAddress: ws://172.18.0.3:7900, setWindowRect: true, strictFileInteractability: false, timeouts: {implicit: 0, pageLoad: 300000, script: 30000}, unhandledPromptBehavior: dismiss and notify, webauthn:extension:credBlob: true, webauthn:extension:largeBlob: true, webauthn:extension:minPinLength: true, webauthn:extension:prf: true, webauthn:virtualAuthenticators: true}&#10;Session ID: b69c1fdacccd4996064629e89085367f" type="org.openqa.selenium.WebDriverException"><![CDATA[org.openqa.selenium.WebDriverException: 
unknown error: session deleted because of page crash
from unknown error: cannot determine loading status
from tab crashed
  (Session info: MicrosoftEdge=125.0.2535.51)
Build info: version: '4.33.0', revision: '2c6aaad03a'
System info: os.name: 'Windows 11', os.arch: 'amd64', os.version: '10.0', java.version: '21.0.7'
Driver info: org.openqa.selenium.remote.RemoteWebDriver
Command: [b69c1fdacccd4996064629e89085367f, get {url=https://www.amazon.in/}]
Capabilities {acceptInsecureCerts: false, browserName: MicrosoftEdge, browserVersion: 125.0.2535.51, fedcm:accounts: true, ms:edgeOptions: {debuggerAddress: localhost:34641}, msedge: {msedgedriverVersion: 125.0.2535.51 (b1bc6e892654..., userDataDir: /tmp/.com.microsoft.Edge.yG...}, networkConnectionEnabled: false, pageLoadStrategy: normal, platformName: linux, proxy: Proxy(), se:bidiEnabled: false, se:cdp: ws://172.18.0.3:4444/sessio..., se:cdpVersion: 125.0.2535.51, se:vnc: ws://172.18.0.3:4444/sessio..., se:vncEnabled: true, se:vncLocalAddress: ws://172.18.0.3:7900, setWindowRect: true, strictFileInteractability: false, timeouts: {implicit: 0, pageLoad: 300000, script: 30000}, unhandledPromptBehavior: dismiss and notify, webauthn:extension:credBlob: true, webauthn:extension:largeBlob: true, webauthn:extension:minPinLength: true, webauthn:extension:prf: true, webauthn:virtualAuthenticators: true}
Session ID: b69c1fdacccd4996064629e89085367f
	at java.base/jdk.internal.reflect.DirectConstructorHandleAccessor.newInstance(DirectConstructorHandleAccessor.java:62)
	at java.base/java.lang.reflect.Constructor.newInstanceWithCaller(Constructor.java:502)
	at java.base/java.lang.reflect.Constructor.newInstance(Constructor.java:486)
	at org.openqa.selenium.remote.ErrorCodec.decode(ErrorCodec.java:167)
	at org.openqa.selenium.remote.codec.w3c.W3CHttpResponseCodec.decode(W3CHttpResponseCodec.java:138)
	at org.openqa.selenium.remote.codec.w3c.W3CHttpResponseCodec.decode(W3CHttpResponseCodec.java:50)
	at org.openqa.selenium.remote.HttpCommandExecutor.execute(HttpCommandExecutor.java:215)
	at org.openqa.selenium.remote.TracedCommandExecutor.execute(TracedCommandExecutor.java:53)
	at org.openqa.selenium.remote.RemoteWebDriver.execute(RemoteWebDriver.java:544)
	at org.openqa.selenium.remote.RemoteWebDriver.get(RemoteWebDriver.java:312)
	at com.DevopsAssignment.AmazonTest.testAmazonFooterLinks(AmazonTest.java:20)
	at java.base/jdk.internal.reflect.DirectMethodHandleAccessor.invoke(DirectMethodHandleAccessor.java:103)
	at java.base/java.lang.reflect.Method.invoke(Method.java:580)
	at org.testng.internal.invokers.MethodInvocationHelper.invokeMethod(MethodInvocationHelper.java:141)
	at org.testng.internal.invokers.TestInvoker.invokeMethod(TestInvoker.java:686)
	at org.testng.internal.invokers.TestInvoker.invokeTestMethod(TestInvoker.java:230)
	at org.testng.internal.invokers.MethodRunner.runInSequence(MethodRunner.java:63)
	at org.testng.internal.invokers.TestInvoker$MethodInvocationAgent.invoke(TestInvoker.java:992)
	at org.testng.internal.invokers.TestInvoker.invokeTestMethods(TestInvoker.java:203)
	at org.testng.internal.invokers.TestMethodWorker.invokeTestMethods(TestMethodWorker.java:154)
	at org.testng.internal.invokers.TestMethodWorker.run(TestMethodWorker.java:134)
	at java.base/java.util.ArrayList.forEach(ArrayList.java:1596)
	at org.testng.TestRunner.privateRun(TestRunner.java:739)
	at org.testng.TestRunner.run(TestRunner.java:614)
	at org.testng.SuiteRunner.runTest(SuiteRunner.java:421)
	at org.testng.SuiteRunner$SuiteWorker.run(SuiteRunner.java:463)
	at org.testng.internal.thread.ThreadUtil.lambda$execute$0(ThreadUtil.java:64)
	at java.base/java.util.concurrent.FutureTask.run(FutureTask.java:317)
	at java.base/java.util.concurrent.ThreadPoolExecutor.runWorker(ThreadPoolExecutor.java:1144)
	at java.base/java.util.concurrent.ThreadPoolExecutor$Worker.run(ThreadPoolExecutor.java:642)
	at java.base/java.lang.Thread.run(Thread.java:1583)
]]></failure>
    <system-out><![CDATA[🚫 Browser closed
]]></system-out>
  </testcase>
</testsuite>