<?xml version="1.0" encoding="UTF-8"?>
<testng-results ignored="0" total="3" passed="3" failed="0" skipped="0">
  <reporter-output>
  </reporter-output>
  <suite started-at="2025-07-09T00:32:29 IST" name="DockerGridTestSuite" finished-at="2025-07-09T00:32:44 IST" duration-ms="15372">
    <groups>
    </groups>
    <test started-at="2025-07-09T00:32:29 IST" name="ChromeTest" finished-at="2025-07-09T00:32:42 IST" duration-ms="13491">
      <class name="com.DevopsAssignment.AmazonTest">
        <test-method is-config="true" signature="setup(java.lang.String)[pri:0, instance:com.DevopsAssignment.AmazonTest@515c6049]" started-at="2025-07-09T00:32:29 IST" name="setup" finished-at="2025-07-09T00:32:30 IST" duration-ms="839" status="PASS">
          <params>
            <param index="0">
              <value>
                <![CDATA[chrome]]>
              </value>
            </param>
          </params>
          <reporter-output>
          </reporter-output>
        </test-method> <!-- setup -->
        <test-method signature="testAmazonFooterLinks()[pri:0, instance:com.DevopsAssignment.AmazonTest@515c6049]" started-at="2025-07-09T00:32:30 IST" name="testAmazonFooterLinks" finished-at="2025-07-09T00:32:42 IST" duration-ms="12599" status="PASS">
          <reporter-output>
          </reporter-output>
        </test-method> <!-- testAmazonFooterLinks -->
      </class> <!-- com.DevopsAssignment.AmazonTest -->
    </test> <!-- ChromeTest -->
    <test started-at="2025-07-09T00:32:29 IST" name="EdgeTest" finished-at="2025-07-09T00:32:43 IST" duration-ms="14523">
      <class name="com.DevopsAssignment.AmazonTest">
        <test-method is-config="true" signature="setup(java.lang.String)[pri:0, instance:com.DevopsAssignment.AmazonTest@4c178a76]" started-at="2025-07-09T00:32:29 IST" name="setup" finished-at="2025-07-09T00:32:30 IST" duration-ms="907" status="PASS">
          <params>
            <param index="0">
              <value>
                <![CDATA[edge]]>
              </value>
            </param>
          </params>
          <reporter-output>
          </reporter-output>
        </test-method> <!-- setup -->
        <test-method signature="testAmazonFooterLinks()[pri:0, instance:com.DevopsAssignment.AmazonTest@4c178a76]" started-at="2025-07-09T00:32:30 IST" name="testAmazonFooterLinks" finished-at="2025-07-09T00:32:43 IST" duration-ms="13571" status="PASS">
          <reporter-output>
          </reporter-output>
        </test-method> <!-- testAmazonFooterLinks -->
      </class> <!-- com.DevopsAssignment.AmazonTest -->
    </test> <!-- EdgeTest -->
    <test started-at="2025-07-09T00:32:29 IST" name="FirefoxTest" finished-at="2025-07-09T00:32:44 IST" duration-ms="15372">
      <class name="com.DevopsAssignment.AmazonTest">
        <test-method is-config="true" signature="setup(java.lang.String)[pri:0, instance:com.DevopsAssignment.AmazonTest@2362f559]" started-at="2025-07-09T00:32:29 IST" name="setup" finished-at="2025-07-09T00:32:32 IST" duration-ms="3221" status="PASS">
          <params>
            <param index="0">
              <value>
                <![CDATA[firefox]]>
              </value>
            </param>
          </params>
          <reporter-output>
          </reporter-output>
        </test-method> <!-- setup -->
        <test-method signature="testAmazonFooterLinks()[pri:0, instance:com.DevopsAssignment.AmazonTest@2362f559]" started-at="2025-07-09T00:32:32 IST" name="testAmazonFooterLinks" finished-at="2025-07-09T00:32:44 IST" duration-ms="12107" status="PASS">
          <reporter-output>
          </reporter-output>
        </test-method> <!-- testAmazonFooterLinks -->
      </class> <!-- com.DevopsAssignment.AmazonTest -->
    </test> <!-- FirefoxTest -->
  </suite> <!-- DockerGridTestSuite -->
</testng-results>
