<?xml version="1.0" encoding="UTF-8"?>
<testng-results ignored="0" total="3" passed="3" failed="0" skipped="0">
  <reporter-output>
  </reporter-output>
  <suite started-at="2025-07-08T21:15:27 IST" name="DockerGridTestSuite" finished-at="2025-07-08T21:15:35 IST" duration-ms="8864">
    <groups>
    </groups>
    <test started-at="2025-07-08T21:15:27 IST" name="ChromeTest" finished-at="2025-07-08T21:15:34 IST" duration-ms="7055">
      <class name="com.DevopsAssignment.AmazonTest">
        <test-method signature="crossBrowserTesting(java.lang.String)[pri:0, instance:com.DevopsAssignment.AmazonTest@4b2bac3f]" started-at="2025-07-08T21:15:27 IST" name="crossBrowserTesting" finished-at="2025-07-08T21:15:34 IST" duration-ms="7015" status="PASS">
          <params>
            <param index="0">
              <value>
                <![CDATA[Chrome]]>
              </value>
            </param>
          </params>
          <reporter-output>
          </reporter-output>
        </test-method> <!-- crossBrowserTesting -->
      </class> <!-- com.DevopsAssignment.AmazonTest -->
    </test> <!-- ChromeTest -->
    <test started-at="2025-07-08T21:15:27 IST" name="EdgeTest" finished-at="2025-07-08T21:15:34 IST" duration-ms="7500">
      <class name="com.DevopsAssignment.AmazonTest">
        <test-method signature="crossBrowserTesting(java.lang.String)[pri:0, instance:com.DevopsAssignment.AmazonTest@bcec361]" started-at="2025-07-08T21:15:27 IST" name="crossBrowserTesting" finished-at="2025-07-08T21:15:34 IST" duration-ms="7467" status="PASS">
          <params>
            <param index="0">
              <value>
                <![CDATA[Edge]]>
              </value>
            </param>
          </params>
          <reporter-output>
          </reporter-output>
        </test-method> <!-- crossBrowserTesting -->
      </class> <!-- com.DevopsAssignment.AmazonTest -->
    </test> <!-- EdgeTest -->
    <test started-at="2025-07-08T21:15:27 IST" name="FirefoxTest" finished-at="2025-07-08T21:15:35 IST" duration-ms="8864">
      <class name="com.DevopsAssignment.AmazonTest">
        <test-method signature="crossBrowserTesting(java.lang.String)[pri:0, instance:com.DevopsAssignment.AmazonTest@14cd1699]" started-at="2025-07-08T21:15:27 IST" name="crossBrowserTesting" finished-at="2025-07-08T21:15:35 IST" duration-ms="8831" status="PASS">
          <params>
            <param index="0">
              <value>
                <![CDATA[Firefox]]>
              </value>
            </param>
          </params>
          <reporter-output>
          </reporter-output>
        </test-method> <!-- crossBrowserTesting -->
      </class> <!-- com.DevopsAssignment.AmazonTest -->
    </test> <!-- FirefoxTest -->
  </suite> <!-- DockerGridTestSuite -->
</testng-results>
